2020.06.24 22:34:40 INFO  started: Metals version 0.9.0 in workspace '/home/azamat/Repos/one-lab-scala'
2020.06.24 22:34:42 INFO  time: initialize in 2.07s
2020.06.24 22:34:45 INFO  no build target: using presentation compiler with only scala-library
2020.06.24 22:34:49 WARN  no build target for: /home/azamat/Repos/one-lab-scala/src/main/scala/one/lab/tasks/week/one/Recursion.scala
2020.06.24 22:34:56 INFO  running '/usr/lib/jvm/java-11-openjdk/bin/java -Djline.terminal=jline.UnsupportedTerminal -Dsbt.log.noformat=true -Dfile.encoding=UTF-8 -jar /tmp/metals12684078308123097129/sbt-launch.jar -Dbloop.export-jar-classifiers=sources bloopInstall'
2020.06.24 22:34:56 INFO  skipping build import with status 'Started'
2020.06.24 22:34:57 ERROR Getting org.scala-sbt sbt 1.3.12  (this may take some time)...
2020.06.24 22:35:40 INFO  downloading https://repo1.maven.org/maven2/org/scala-sbt/sbt/1.3.12/sbt-1.3.12.jar ...
2020.06.24 22:35:42 INFO  	[SUCCESSFUL ] org.scala-sbt#sbt;1.3.12!sbt.jar (1622ms)
2020.06.24 22:35:42 INFO  downloading https://repo1.maven.org/maven2/org/scala-sbt/main_2.12/1.3.12/main_2.12-1.3.12.jar ...
2020.06.24 22:35:46 INFO  	[SUCCESSFUL ] org.scala-sbt#main_2.12;1.3.12!main_2.12.jar (3941ms)
2020.06.24 22:35:46 INFO  downloading https://repo1.maven.org/maven2/org/scala-sbt/logic_2.12/1.3.12/logic_2.12-1.3.12.jar ...
2020.06.24 22:35:47 INFO  	[SUCCESSFUL ] org.scala-sbt#logic_2.12;1.3.12!logic_2.12.jar (1045ms)
2020.06.24 22:35:47 INFO  downloading https://repo1.maven.org/maven2/org/scala-sbt/actions_2.12/1.3.12/actions_2.12-1.3.12.jar ...
2020.06.24 22:35:48 INFO  	[SUCCESSFUL ] org.scala-sbt#actions_2.12;1.3.12!actions_2.12.jar (1137ms)
2020.06.24 22:35:48 INFO  downloading https://repo1.maven.org/maven2/org/scala-sbt/main-settings_2.12/1.3.12/main-settings_2.12-1.3.12.jar ...
2020.06.24 22:35:50 INFO  	[SUCCESSFUL ] org.scala-sbt#main-settings_2.12;1.3.12!main-settings_2.12.jar (1860ms)
2020.06.24 22:35:50 INFO  downloading https://repo1.maven.org/maven2/org/scala-sbt/run_2.12/1.3.12/run_2.12-1.3.12.jar ...
2020.06.24 22:35:51 INFO  	[SUCCESSFUL ] org.scala-sbt#run_2.12;1.3.12!run_2.12.jar (1111ms)
2020.06.24 22:35:51 INFO  downloading https://repo1.maven.org/maven2/org/scala-sbt/command_2.12/1.3.12/command_2.12-1.3.12.jar ...
2020.06.24 22:35:52 INFO  	[SUCCESSFUL ] org.scala-sbt#command_2.12;1.3.12!command_2.12.jar (1248ms)
2020.06.24 22:35:52 INFO  downloading https://repo1.maven.org/maven2/org/scala-sbt/collections_2.12/1.3.12/collections_2.12-1.3.12.jar ...
2020.06.24 22:35:53 INFO  	[SUCCESSFUL ] org.scala-sbt#collections_2.12;1.3.12!collections_2.12.jar (1494ms)
2020.06.24 22:35:53 INFO  downloading https://repo1.maven.org/maven2/org/scala-sbt/scripted-sbt-redux_2.12/1.3.12/scripted-sbt-redux_2.12-1.3.12.jar ...
2020.06.24 22:35:55 INFO  	[SUCCESSFUL ] org.scala-sbt#scripted-sbt-redux_2.12;1.3.12!scripted-sbt-redux_2.12.jar (1139ms)
2020.06.24 22:35:55 INFO  downloading https://repo1.maven.org/maven2/org/scala-sbt/scripted-plugin_2.12/1.3.12/scripted-plugin_2.12-1.3.12.jar ...
2020.06.24 22:35:56 INFO  	[SUCCESSFUL ] org.scala-sbt#scripted-plugin_2.12;1.3.12!scripted-plugin_2.12.jar (1117ms)
2020.06.24 22:35:56 INFO  downloading https://repo1.maven.org/maven2/org/scala-sbt/zinc-lm-integration_2.12/1.3.12/zinc-lm-integration_2.12-1.3.12.jar ...
2020.06.24 22:35:57 INFO  	[SUCCESSFUL ] org.scala-sbt#zinc-lm-integration_2.12;1.3.12!zinc-lm-integration_2.12.jar (1129ms)
2020.06.24 22:35:57 INFO  downloading https://repo1.maven.org/maven2/org/scala-sbt/launcher-interface/1.1.4/launcher-interface-1.1.4.jar ...
2020.06.24 22:35:58 INFO  	[SUCCESSFUL ] org.scala-sbt#launcher-interface;1.1.4!launcher-interface.jar (978ms)
2020.06.24 22:35:58 INFO  downloading https://repo1.maven.org/maven2/io/get-coursier/lm-coursier-shaded_2.12/2.0.0-RC6-4/lm-coursier-shaded_2.12-2.0.0-RC6-4.jar ...
2020.06.24 22:36:04 INFO  	[SUCCESSFUL ] io.get-coursier#lm-coursier-shaded_2.12;2.0.0-RC6-4!lm-coursier-shaded_2.12.jar (6197ms)
2020.06.24 22:36:04 INFO  downloading https://repo1.maven.org/maven2/org/scala-sbt/librarymanagement-core_2.12/1.3.3/librarymanagement-core_2.12-1.3.3.jar ...
2020.06.24 22:36:06 INFO  	[SUCCESSFUL ] org.scala-sbt#librarymanagement-core_2.12;1.3.3!librarymanagement-core_2.12.jar (2055ms)
2020.06.24 22:36:06 INFO  downloading https://repo1.maven.org/maven2/org/scala-sbt/librarymanagement-ivy_2.12/1.3.3/librarymanagement-ivy_2.12-1.3.3.jar ...
2020.06.24 22:36:08 INFO  	[SUCCESSFUL ] org.scala-sbt#librarymanagement-ivy_2.12;1.3.3!librarymanagement-ivy_2.12.jar (1723ms)
2020.06.24 22:36:08 INFO  downloading https://repo1.maven.org/maven2/org/scala-sbt/completion_2.12/1.3.12/completion_2.12-1.3.12.jar ...
2020.06.24 22:36:09 INFO  	[SUCCESSFUL ] org.scala-sbt#completion_2.12;1.3.12!completion_2.12.jar (1376ms)
2020.06.24 22:36:09 INFO  downloading https://repo1.maven.org/maven2/org/scala-sbt/task-system_2.12/1.3.12/task-system_2.12-1.3.12.jar ...
2020.06.24 22:36:09 INFO  	[SUCCESSFUL ] org.scala-sbt#task-system_2.12;1.3.12!task-system_2.12.jar (818ms)
2020.06.24 22:36:09 INFO  downloading https://repo1.maven.org/maven2/org/scala-sbt/tasks_2.12/1.3.12/tasks_2.12-1.3.12.jar ...
2020.06.24 22:36:11 INFO  	[SUCCESSFUL ] org.scala-sbt#tasks_2.12;1.3.12!tasks_2.12.jar (1236ms)
2020.06.24 22:36:11 INFO  downloading https://repo1.maven.org/maven2/org/scala-sbt/testing_2.12/1.3.12/testing_2.12-1.3.12.jar ...
2020.06.24 22:36:13 INFO  	[SUCCESSFUL ] org.scala-sbt#testing_2.12;1.3.12!testing_2.12.jar (1089ms)
2020.06.24 22:36:13 INFO  downloading https://repo1.maven.org/maven2/org/scala-sbt/test-agent/1.3.12/test-agent-1.3.12.jar ...
2020.06.24 22:36:14 INFO  	[SUCCESSFUL ] org.scala-sbt#test-agent;1.3.12!test-agent.jar (1175ms)
2020.06.24 22:36:14 INFO  downloading https://repo1.maven.org/maven2/org/scala-sbt/core-macros_2.12/1.3.12/core-macros_2.12-1.3.12.jar ...
2020.06.24 22:36:15 INFO  	[SUCCESSFUL ] org.scala-sbt#core-macros_2.12;1.3.12!core-macros_2.12.jar (1333ms)
2020.06.24 22:36:15 INFO  downloading https://repo1.maven.org/maven2/org/scala-sbt/protocol_2.12/1.3.12/protocol_2.12-1.3.12.jar ...
2020.06.24 22:36:17 INFO  	[SUCCESSFUL ] org.scala-sbt#protocol_2.12;1.3.12!protocol_2.12.jar (1372ms)
2020.06.24 22:36:17 INFO  downloading https://repo1.maven.org/maven2/org/scala-sbt/ivy/ivy/2.3.0-sbt-839fad1cdc07cf6fc81364d74c323867230432ad/ivy-2.3.0-sbt-839fad1cdc07cf6fc81364d74c323867230432ad.jar ...
2020.06.24 22:36:19 INFO  	[SUCCESSFUL ] org.scala-sbt.ivy#ivy;2.3.0-sbt-839fad1cdc07cf6fc81364d74c323867230432ad!ivy.jar (1923ms)
2020.06.24 22:36:19 INFO  :: retrieving :: org.scala-sbt#boot-app
2020.06.24 22:36:19 INFO  	confs: [default]
2020.06.24 22:36:20 INFO  	81 artifacts copied, 0 already retrieved (38299kB/961ms)
2020.06.24 22:36:28 INFO  [info] welcome to sbt 1.3.12 (Oracle Corporation Java 11.0.6)
2020.06.24 22:36:36 INFO  [info] loading settings for project one-lab-scala-build from metals.sbt,plugins.sbt ...
2020.06.24 22:36:37 INFO  [info] loading project definition from /home/azamat/Repos/one-lab-scala/project
2020.06.24 22:37:00 INFO  [warn] There may be incompatibilities among your library dependencies; run 'evicted' to see detailed eviction warnings.
2020.06.24 22:37:06 INFO  [info] loading settings for project one-lab-scala from build.sbt ...
2020.06.24 22:37:06 INFO  [info] set current project to one-lab-scala (in build file:/home/azamat/Repos/one-lab-scala/)
2020.06.24 22:37:07 INFO  [info] Formatting 2 Scala sources...
2020.06.24 22:37:15 INFO  [info] Formatting 5 Scala sources...
2020.06.24 22:37:17 INFO  [success] Generated .bloop/one-lab-scala.json
2020.06.24 22:37:17 INFO  [success] Generated .bloop/one-lab-scala-test.json
2020.06.24 22:37:17 INFO  [success] Total time: 10 s, completed Jun 24, 2020, 10:37:17 PM
2020.06.24 22:37:17 INFO  build tool exit: 0
2020.06.24 22:37:17 INFO  time: ran 'sbt bloopInstall' in 2m21s
Starting the bsp launcher for bloop...
Opening a bsp server connection with 'bsp --protocol local --socket /tmp/bsp-launcher37010515191029264/bsp.socket'...
Waiting for the bsp connection to come up...
Waiting for the bsp connection to come up...
Waiting for the bsp connection to come up...
Waiting for the bsp connection to come up...
Waiting for the bsp connection to come up...
Waiting for the bsp connection to come up...
Waiting for the bsp connection to come up...
Waiting for the bsp connection to come up...
Waiting for the bsp connection to come up...
Waiting for the bsp connection to come up...
Waiting for the bsp connection to come up...
Waiting for the bsp connection to come up...
Waiting for the bsp connection to come up...
Waiting for the bsp connection to come up...
Waiting for the bsp connection to come up...
Waiting for the bsp connection to come up...
Waiting for the bsp connection to come up...
Waiting for the bsp connection to come up...
No server running at 127.0.0.1:8212, let's fire one...
Resolving ch.epfl.scala:bloop-frontend_2.12:1.4.0-RC1-229-b7c15aa9...
Starting bloop server at 127.0.0.1:8212...
Attempting a connection to the server...
Attempting a connection to the server...
Attempting a connection to the server...
Attempting a connection to the server...
Attempting a connection to the server...
Attempting a connection to the server...
Attempting a connection to the server...
Attempting a connection to the server...
Attempting a connection to the server...
Attempting a connection to the server...
Attempting a connection to the server...
Attempting a connection to the server...
Attempting a connection to the server...
Attempting a connection to the server...
Attempting a connection to the server...
[0m[32m[D][0m Loading 2 projects from '/home/azamat/Repos/one-lab-scala/.bloop'...
[0m[32m[D][0m Loading project from '/home/azamat/Repos/one-lab-scala/.bloop/one-lab-scala.json'
[0m[32m[D][0m Loading project from '/home/azamat/Repos/one-lab-scala/.bloop/one-lab-scala-test.json'
[0m[32m[D][0m Cache miss for scala instance org.scala-lang:scala-compiler:2.13.2.
[0m[32m[D][0m   => /home/azamat/.cache/coursier/v1/https/repo1.maven.org/maven2/net/java/dev/jna/jna/5.3.1/jna-5.3.1.jar
[0m[32m[D][0m   => /home/azamat/.cache/coursier/v1/https/repo1.maven.org/maven2/org/jline/jline/3.14.1/jline-3.14.1.jar
[0m[32m[D][0m   => /home/azamat/.cache/coursier/v1/https/repo1.maven.org/maven2/org/scala-lang/scala-compiler/2.13.2/scala-compiler-2.13.2.jar
[0m[32m[D][0m   => /home/azamat/.cache/coursier/v1/https/repo1.maven.org/maven2/org/scala-lang/scala-library/2.13.2/scala-library-2.13.2.jar
[0m[32m[D][0m   => /home/azamat/.cache/coursier/v1/https/repo1.maven.org/maven2/org/scala-lang/scala-reflect/2.13.2/scala-reflect-2.13.2.jar
[0m[32m[D][0m Missing analysis file for project 'one-lab-scala'
[0m[32m[D][0m Missing analysis file for project 'one-lab-scala-test'
[0m[32m[D][0m Waiting for a connection at local:///tmp/bsp-launcher37010515191029264/bsp.socket...
The server is listening for incoming connections at local:///tmp/bsp-launcher37010515191029264/bsp.socket...
Starting thread that pumps stdin and redirects it to the bsp server...
Starting thread that pumps server stdout and redirects it to the client stdout...
2020.06.24 22:37:35 INFO  tracing is disabled for protocol BSP, to enable tracing of incoming and outgoing JSON messages create an empty file at /home/azamat/.cache/metals/bsp.trace.json
2020.06.24 22:37:41 ERROR Timeout waiting for 'build/initialize' response
2020.06.24 22:37:41 ERROR Failed to connect with build server, no functionality will work.
java.util.concurrent.TimeoutException
	at java.util.concurrent.CompletableFuture.timedGet(CompletableFuture.java:1886)
	at java.util.concurrent.CompletableFuture.get(CompletableFuture.java:2021)
	at scala.meta.internal.metals.BuildServerConnection$.initialize(BuildServerConnection.scala:304)
	at scala.meta.internal.metals.BuildServerConnection$.$anonfun$fromSockets$1(BuildServerConnection.scala:246)
	at scala.util.Success.$anonfun$map$1(Try.scala:255)
	at scala.util.Success.map(Try.scala:213)
	at scala.concurrent.Future.$anonfun$map$1(Future.scala:292)
	at scala.concurrent.impl.Promise.liftedTree1$1(Promise.scala:33)
	at scala.concurrent.impl.Promise.$anonfun$transform$1(Promise.scala:33)
	at scala.concurrent.impl.CallbackRunnable.run(Promise.scala:64)
	at java.util.concurrent.ThreadPoolExecutor.runWorker(ThreadPoolExecutor.java:1128)
	at java.util.concurrent.ThreadPoolExecutor$Worker.run(ThreadPoolExecutor.java:628)
	at java.lang.Thread.run(Thread.java:834)

2020.06.24 22:37:44 WARN  no build target for: /home/azamat/Repos/one-lab-scala/src/main/scala/one/lab/tasks/week/one/Recursion.scala
2020.06.24 22:40:30 INFO  shutting down Metals
2020.06.24 22:41:09 INFO  started: Metals version 0.9.0 in workspace '/home/azamat/Repos/one-lab-scala'
2020.06.24 22:41:11 INFO  time: initialize in 1.97s
Starting the bsp launcher for bloop...
Opening a bsp server connection with 'bsp --protocol local --socket /tmp/bsp-launcher2643525499563854922/bsp.socket'...
Waiting for the bsp connection to come up...
2020.06.24 22:41:13 INFO  skipping build import with status 'Installed'
[0m[32m[D][0m Loading workspace settings from bloop.settings.json
[0m[32m[D][0m Waiting for a connection at local:///tmp/bsp-launcher2643525499563854922/bsp.socket...
The server is listening for incoming connections at local:///tmp/bsp-launcher2643525499563854922/bsp.socket...
2020.06.24 22:41:13 INFO  no build target: using presentation compiler with only scala-library
Starting thread that pumps stdin and redirects it to the bsp server...
Starting thread that pumps server stdout and redirects it to the client stdout...
2020.06.24 22:41:13 INFO  tracing is disabled for protocol BSP, to enable tracing of incoming and outgoing JSON messages create an empty file at /home/azamat/.cache/metals/bsp.trace.json
2020.06.24 22:41:13 INFO  time: connected to build server in 0.71s
2020.06.24 22:41:13 INFO  Connected to Build server v1.4.0-RC1-229-b7c15aa9
2020.06.24 22:41:13 INFO  time: imported build in 0.23s
2020.06.24 22:41:17 WARN  Could not find java sources in None. Java symbols will not be available.
2020.06.24 22:41:20 INFO  compiling one-lab-scala (5 scala sources)
2020.06.24 22:41:24 INFO  time: indexed workspace in 11s
2020.06.24 22:41:25 INFO  Deduplicating compilation of one-lab-scala from bsp client 'Metals 0.9.0' (since 11.561s)
2020.06.24 22:41:25 INFO  compiling one-lab-scala (5 scala sources)
Jun 24, 2020 10:41:36 PM org.eclipse.lsp4j.jsonrpc.RemoteEndpoint handleCancellation
WARNING: Unmatched cancel notification for request id 5
Jun 24, 2020 10:41:36 PM org.eclipse.lsp4j.jsonrpc.RemoteEndpoint handleCancellation
WARNING: Unmatched cancel notification for request id 6
Jun 24, 2020 10:41:36 PM org.eclipse.lsp4j.jsonrpc.RemoteEndpoint handleCancellation
WARNING: Unmatched cancel notification for request id 3
Jun 24, 2020 10:41:36 PM org.eclipse.lsp4j.jsonrpc.RemoteEndpoint handleCancellation
WARNING: Unmatched cancel notification for request id 10
Jun 24, 2020 10:41:36 PM org.eclipse.lsp4j.jsonrpc.RemoteEndpoint handleCancellation
WARNING: Unmatched cancel notification for request id 8
Jun 24, 2020 10:41:36 PM org.eclipse.lsp4j.jsonrpc.RemoteEndpoint handleCancellation
WARNING: Unmatched cancel notification for request id 14
Jun 24, 2020 10:41:36 PM org.eclipse.lsp4j.jsonrpc.RemoteEndpoint handleCancellation
WARNING: Unmatched cancel notification for request id 16
Jun 24, 2020 10:41:36 PM org.eclipse.lsp4j.jsonrpc.RemoteEndpoint handleCancellation
WARNING: Unmatched cancel notification for request id 25
Jun 24, 2020 10:41:36 PM org.eclipse.lsp4j.jsonrpc.RemoteEndpoint handleCancellation
WARNING: Unmatched cancel notification for request id 27
Jun 24, 2020 10:41:36 PM org.eclipse.lsp4j.jsonrpc.RemoteEndpoint handleCancellation
WARNING: Unmatched cancel notification for request id 23
Jun 24, 2020 10:41:36 PM org.eclipse.lsp4j.jsonrpc.RemoteEndpoint handleCancellation
WARNING: Unmatched cancel notification for request id 30
Jun 24, 2020 10:41:36 PM org.eclipse.lsp4j.jsonrpc.RemoteEndpoint handleCancellation
WARNING: Unmatched cancel notification for request id 28
Jun 24, 2020 10:41:36 PM org.eclipse.lsp4j.jsonrpc.RemoteEndpoint handleCancellation
WARNING: Unmatched cancel notification for request id 31
Jun 24, 2020 10:41:36 PM org.eclipse.lsp4j.jsonrpc.RemoteEndpoint handleCancellation
WARNING: Unmatched cancel notification for request id 33
Jun 24, 2020 10:41:36 PM org.eclipse.lsp4j.jsonrpc.RemoteEndpoint handleCancellation
WARNING: Unmatched cancel notification for request id 35
Jun 24, 2020 10:41:36 PM org.eclipse.lsp4j.jsonrpc.RemoteEndpoint handleCancellation
WARNING: Unmatched cancel notification for request id 38
Jun 24, 2020 10:41:36 PM org.eclipse.lsp4j.jsonrpc.RemoteEndpoint handleCancellation
WARNING: Unmatched cancel notification for request id 37
Jun 24, 2020 10:41:36 PM org.eclipse.lsp4j.jsonrpc.RemoteEndpoint handleCancellation
WARNING: Unmatched cancel notification for request id 40
Jun 24, 2020 10:41:36 PM org.eclipse.lsp4j.jsonrpc.RemoteEndpoint handleCancellation
WARNING: Unmatched cancel notification for request id 42
2020.06.24 22:41:48 INFO  compiling one-lab-scala-test (2 scala sources)
2020.06.24 22:41:49 INFO  time: compiled one-lab-scala in 24s
2020.06.24 22:41:52 INFO  time: compiled one-lab-scala-test in 3.72s
2020.06.24 22:41:56 INFO  shutting down Metals
No more data in the client stdin, exiting...
No more data in the server stdin, exiting...
No more data in the server stdin, exiting...
2020.06.24 23:09:02 INFO  started: Metals version 0.9.0 in workspace '/home/azamat/Repos/one-lab-scala'
2020.06.24 23:09:05 INFO  time: initialize in 2.68s
Starting the bsp launcher for bloop...
Opening a bsp server connection with 'bsp --protocol local --socket /tmp/bsp-launcher338123570883446914/bsp.socket'...
Waiting for the bsp connection to come up...
2020.06.24 23:09:07 INFO  skipping build import with status 'Installed'
2020.06.24 23:09:07 INFO  no build target: using presentation compiler with only scala-library
Waiting for the bsp connection to come up...
Waiting for the bsp connection to come up...
Waiting for the bsp connection to come up...
Waiting for the bsp connection to come up...
Waiting for the bsp connection to come up...
Waiting for the bsp connection to come up...
2020.06.24 23:09:13 WARN  no build target for: /home/azamat/Repos/one-lab-scala/src/main/scala/one/lab/tasks/week/one/Recursion.scala
Jun 24, 2020 11:09:13 PM org.eclipse.lsp4j.jsonrpc.RemoteEndpoint handleCancellation
WARNING: Unmatched cancel notification for request id 2
Jun 24, 2020 11:09:13 PM org.eclipse.lsp4j.jsonrpc.RemoteEndpoint handleCancellation
WARNING: Unmatched cancel notification for request id 5
Jun 24, 2020 11:09:13 PM org.eclipse.lsp4j.jsonrpc.RemoteEndpoint handleCancellation
WARNING: Unmatched cancel notification for request id 8
Jun 24, 2020 11:09:13 PM org.eclipse.lsp4j.jsonrpc.RemoteEndpoint handleCancellation
WARNING: Unmatched cancel notification for request id 7
Jun 24, 2020 11:09:14 PM org.eclipse.lsp4j.jsonrpc.RemoteEndpoint handleCancellation
WARNING: Unmatched cancel notification for request id 12
Jun 24, 2020 11:09:14 PM org.eclipse.lsp4j.jsonrpc.RemoteEndpoint handleCancellation
WARNING: Unmatched cancel notification for request id 15
Jun 24, 2020 11:09:14 PM org.eclipse.lsp4j.jsonrpc.RemoteEndpoint handleCancellation
WARNING: Unmatched cancel notification for request id 20
Jun 24, 2020 11:09:14 PM org.eclipse.lsp4j.jsonrpc.RemoteEndpoint handleCancellation
WARNING: Unmatched cancel notification for request id 22
Jun 24, 2020 11:09:14 PM org.eclipse.lsp4j.jsonrpc.RemoteEndpoint handleCancellation
WARNING: Unmatched cancel notification for request id 24
Jun 24, 2020 11:09:14 PM org.eclipse.lsp4j.jsonrpc.RemoteEndpoint handleCancellation
WARNING: Unmatched cancel notification for request id 26
Jun 24, 2020 11:09:14 PM org.eclipse.lsp4j.jsonrpc.RemoteEndpoint handleCancellation
WARNING: Unmatched cancel notification for request id 28
2020.06.24 23:09:13 WARN  no build target for: /home/azamat/Repos/one-lab-scala/src/main/scala/one/lab/tasks/week/one/Recursion.scala
Jun 24, 2020 11:09:14 PM org.eclipse.lsp4j.jsonrpc.RemoteEndpoint handleCancellation
WARNING: Unmatched cancel notification for request id 30
Jun 24, 2020 11:09:14 PM org.eclipse.lsp4j.jsonrpc.RemoteEndpoint handleCancellation
WARNING: Unmatched cancel notification for request id 34
Jun 24, 2020 11:09:14 PM org.eclipse.lsp4j.jsonrpc.RemoteEndpoint handleCancellation
WARNING: Unmatched cancel notification for request id 32
Jun 24, 2020 11:09:14 PM org.eclipse.lsp4j.jsonrpc.RemoteEndpoint handleCancellation
WARNING: Unmatched cancel notification for request id 38
Jun 24, 2020 11:09:14 PM org.eclipse.lsp4j.jsonrpc.RemoteEndpoint handleCancellation
WARNING: Unmatched cancel notification for request id 37
Waiting for the bsp connection to come up...
Waiting for the bsp connection to come up...
Waiting for the bsp connection to come up...
2020.06.24 23:09:17 WARN  no build target for: /home/azamat/Repos/one-lab-scala/src/main/scala/one/lab/tasks/week/one/Recursion.scala
No server running at 127.0.0.1:8212, let's fire one...
Resolving ch.epfl.scala:bloop-frontend_2.12:1.4.0-RC1-229-b7c15aa9...
Starting bloop server at 127.0.0.1:8212...
Attempting a connection to the server...
Attempting a connection to the server...
Attempting a connection to the server...
Attempting a connection to the server...
Attempting a connection to the server...
Attempting a connection to the server...
Attempting a connection to the server...
Attempting a connection to the server...
Attempting a connection to the server...
Attempting a connection to the server...
Attempting a connection to the server...
Attempting a connection to the server...
Attempting a connection to the server...
Attempting a connection to the server...
[0m[32m[D][0m Loading workspace settings from bloop.settings.json
[0m[32m[D][0m Loading 2 projects from '/home/azamat/Repos/one-lab-scala/.bloop'...
[0m[32m[D][0m Loading project from '/home/azamat/Repos/one-lab-scala/.bloop/one-lab-scala-test.json'
[0m[32m[D][0m Loading project from '/home/azamat/Repos/one-lab-scala/.bloop/one-lab-scala.json'
[0m[32m[D][0m Cache miss for scala instance org.scala-lang:scala-compiler:2.13.2.
[0m[32m[D][0m   => /home/azamat/.cache/coursier/v1/https/repo1.maven.org/maven2/net/java/dev/jna/jna/5.3.1/jna-5.3.1.jar
[0m[32m[D][0m   => /home/azamat/.cache/coursier/v1/https/repo1.maven.org/maven2/org/jline/jline/3.14.1/jline-3.14.1.jar
[0m[32m[D][0m   => /home/azamat/.cache/coursier/v1/https/repo1.maven.org/maven2/org/scala-lang/scala-compiler/2.13.2/scala-compiler-2.13.2.jar
[0m[32m[D][0m   => /home/azamat/.cache/coursier/v1/https/repo1.maven.org/maven2/org/scala-lang/scala-library/2.13.2/scala-library-2.13.2.jar
[0m[32m[D][0m   => /home/azamat/.cache/coursier/v1/https/repo1.maven.org/maven2/org/scala-lang/scala-reflect/2.13.2/scala-reflect-2.13.2.jar
[0m[32m[D][0m Configured SemanticDB in projects 'one-lab-scala', 'one-lab-scala-test'
[0m[32m[D][0m Loading previous analysis for 'one-lab-scala-test' from '/home/azamat/Repos/one-lab-scala/target/streams/test/bloopAnalysisOut/_global/streams/inc_compile_2.13.zip'.
[0m[32m[D][0m Loading previous analysis for 'one-lab-scala' from '/home/azamat/Repos/one-lab-scala/target/streams/compile/bloopAnalysisOut/_global/streams/inc_compile_2.13.zip'.
[0m[32m[D][0m Waiting for a connection at local:///tmp/bsp-launcher338123570883446914/bsp.socket...
The server is listening for incoming connections at local:///tmp/bsp-launcher338123570883446914/bsp.socket...
Starting thread that pumps stdin and redirects it to the bsp server...
Starting thread that pumps server stdout and redirects it to the client stdout...
2020.06.24 23:09:17 INFO  tracing is disabled for protocol BSP, to enable tracing of incoming and outgoing JSON messages create an empty file at /home/azamat/.cache/metals/bsp.trace.json
2020.06.24 23:09:18 INFO  time: connected to build server in 11s
2020.06.24 23:09:18 INFO  Connected to Build server v1.4.0-RC1-229-b7c15aa9
2020.06.24 23:09:18 INFO  time: imported build in 0.21s
2020.06.24 23:09:20 WARN  Could not find java sources in None. Java symbols will not be available.
2020.06.24 23:09:20 INFO  time: indexed workspace in 2.08s
2020.06.24 23:09:22 INFO  compiling one-lab-scala (5 scala sources)
2020.06.24 23:09:30 INFO  compiling one-lab-scala-test (2 scala sources)
2020.06.24 23:09:30 INFO  time: compiled one-lab-scala in 8.29s
2020.06.24 23:09:33 INFO  time: compiled one-lab-scala-test in 2.66s
2020.06.24 23:09:51 INFO  compiling one-lab-scala (1 scala source)
2020.06.24 23:09:51 INFO  time: compiled one-lab-scala in 0.27s
2020.06.24 23:09:51 INFO  compiling one-lab-scala (1 scala source)
2020.06.24 23:09:51 INFO  time: compiled one-lab-scala in 77ms
2020.06.24 23:10:30 INFO  shutting down Metals
No more data in the client stdin, exiting...
No more data in the server stdin, exiting...
No more data in the server stdin, exiting...
